Deviatoric Moment Tensor Inversion
Depth = 10.0000 (km)
Mo = 7.532e+22 (dyne-cm)
Mw = 4.55
Percent DC   =  84
Percent CLVD =  16
Percent ISO  =   0
Fault Plane 1: Strike=165 Dip=88 Rake=156
Fault Plane 2: Strike=256 Dip=66 Rake=3  
Percent Variance Reduction = 70.86

Moment Tensor Elements: Aki and Richards Cartesian Coordinates
Mxx        Myy        Mzz        Mxy        Mxz        Myz
-3.582e+22 2.892e+22  6.904e+21  -5.788e+22 8.212e+21  2.753e+22 

Harvard/CMT convention
Mrr        Mtt        Mpp        Mrt        Mrp        Mtp
6.904e+21  -3.582e+22 2.892e+22  8.212e+21  -2.753e+22 5.788e+22 

Eigenvalues: 6.934e+22 5.985e+21 -7.532e+22
Lune Coordinates: 4.10   -0.00 
Station Information
    station distance azimuth  ts  npts   dt  Z  R  T weights    VR longitude latitude
 BK.MTOS.00    80.27  126.56  30   150 1.00  1  1  1    1.00 62.22  -121.330   37.500
 BK.FARB.00    87.30  252.51  30   150 1.00  1  1  1    1.09 88.13  -123.000   37.700
 BK.MNRC.00   109.73  342.24  30   150 1.00  1  1  1    1.37 71.76  -122.440   38.880
 BK.WELL.00   129.31   64.15  30   150 1.00  1  1  1    1.61 50.18  -120.720   38.440
