Deviatoric Moment Tensor Inversion
Depth = 20.0000 (km)
Mo = 1.003e+23 (dyne-cm)
Mw = 4.63
Percent DC   =  77
Percent CLVD =  23
Percent ISO  =   0
Fault Plane 1: Strike=255 Dip=78 Rake=5  
Fault Plane 2: Strike=163 Dip=85 Rake=168
Percent Variance Reduction = 72.71

Moment Tensor Elements: Aki and Richards Cartesian Coordinates
Mxx        Myy        Mzz        Mxy        Mxz        Myz
-5.576e+22 4.146e+22  1.431e+22  -7.861e+22 3.987e+20  1.829e+22 

Harvard/CMT convention
Mrr        Mtt        Mpp        Mrt        Mrp        Mtp
1.431e+22  -5.576e+22 4.146e+22  3.987e+20  -1.829e+22 7.861e+22 

Eigenvalues: 8.864e+22 1.169e+22 -1.003e+23
Lune Coordinates: 6.12   -0.00 
Station Information
    station distance azimuth  ts  npts   dt  Z  R  T weights    VR longitude latitude
 BK.MTOS.00    80.27  126.56  30   150 1.00  1  1  1    1.00 70.85  -121.330   37.500
 BK.FARB.00    87.30  252.51  30   150 1.00  1  1  1    1.09 91.58  -123.000   37.700
 BK.MNRC.00   109.73  342.24  30   150 1.00  1  1  1    1.37 70.35  -122.440   38.880
 BK.WELL.00   129.31   64.15  30   150 1.00  1  1  1    1.61 54.06  -120.720   38.440
